Build started 9/28/2014 12:48:33 AM.
     1>Project "E:\School\UNT\2014 - 03 - Fall\Fundamentals II\prog1\prog1\prog1\prog1.vcxproj" on node 2 (Build target(s)).
     1>ClCompile:
         C:\Program Files (x86)\Microsoft Visual Studio 12.0\VC\bin\CL.exe /c /ZI /nologo /W3 /WX- /Od /Oy- /D WIN32 /D _DEBUG /D _CONSOLE /D _LIB /D _UNICODE /D UNICODE /Gm /EHsc /RTC1 /MDd /GS /fp:precise /Zc:wchar_t /Zc:forScope /Fo"Debug\\" /Fd"Debug\vc120.pdb" /Gd /TP /analyze- /errorReport:prompt HashTable.cpp Node.cpp main.cpp
         Node.cpp
         HashTable.cpp
     1>e:\school\unt\2014 - 03 - fall\fundamentals ii\prog1\prog1\prog1\hashtable.cpp(138): warning C4101: 'tf' : unreferenced local variable
         Generating Code...
     1>e:\school\unt\2014 - 03 - fall\fundamentals ii\prog1\prog1\prog1\hashtable.cpp(124): warning C4715: 'HashTable::pSearch' : not all control paths return a value
     1>e:\school\unt\2014 - 03 - fall\fundamentals ii\prog1\prog1\prog1\node.cpp(61): warning C4715: 'Node::getLast' : not all control paths return a value
         Skipping... (no relevant changes detected)
         main.cpp
       Link:
         C:\Program Files (x86)\Microsoft Visual Studio 12.0\VC\bin\link.exe /ERRORREPORT:PROMPT /OUT:"E:\School\UNT\2014 - 03 - Fall\Fundamentals II\prog1\prog1\Debug\prog1.exe" /INCREMENTAL /NOLOGO kernel32.lib user32.lib gdi32.lib winspool.lib comdlg32.lib advapi32.lib shell32.lib ole32.lib oleaut32.lib uuid.lib odbc32.lib odbccp32.lib /MANIFEST /MANIFESTUAC:"level='asInvoker' uiAccess='false'" /manifest:embed /DEBUG /PDB:"E:\School\UNT\2014 - 03 - Fall\Fundamentals II\prog1\prog1\Debug\prog1.pdb" /SUBSYSTEM:CONSOLE /TLBID:1 /DYNAMICBASE /NXCOMPAT /IMPLIB:"E:\School\UNT\2014 - 03 - Fall\Fundamentals II\prog1\prog1\Debug\prog1.lib" /MACHINE:X86 Debug\HashTable.obj
         Debug\main.obj
         Debug\Node.obj
         prog1.vcxproj -> E:\School\UNT\2014 - 03 - Fall\Fundamentals II\prog1\prog1\Debug\prog1.exe
     1>Done Building Project "E:\School\UNT\2014 - 03 - Fall\Fundamentals II\prog1\prog1\prog1\prog1.vcxproj" (Build target(s)).

Build succeeded.

Time Elapsed 00:00:01.94
